[0.879s] DEBUG:colcon:Command line arguments: ['/usr/bin/colcon', 'build', '--symlink-install']
[0.879s] DEBUG:colcon:Parsed command line arguments: Namespace(log_base=None, log_level=None, verb_name='build', build_base='build', install_base='install', merge_install=False, symlink_install=True, test_result_base=None, continue_on_error=False, executor='parallel', parallel_workers=1, event_handlers=None, ignore_user_meta=False, metas=['./colcon.meta'], base_paths=['.'], packages_ignore=None, packages_ignore_regex=None, paths=None, packages_up_to=None, packages_up_to_regex=None, packages_above=None, packages_above_and_dependencies=None, packages_above_depth=None, packages_select_by_dep=None, packages_skip_by_dep=None, packages_skip_up_to=None, packages_select_build_failed=False, packages_skip_build_finished=False, packages_select_test_failures=False, packages_skip_test_passed=False, packages_select=None, packages_skip=None, packages_select_regex=None, packages_skip_regex=None, packages_start=None, packages_end=None, allow_overriding=[], cmake_args=None, cmake_target=None, cmake_target_skip_unavailable=False, cmake_clean_cache=False, cmake_clean_first=False, cmake_force_configure=False, ament_cmake_args=None, catkin_cmake_args=None, catkin_skip_building_tests=False, verb_parser=<colcon_defaults.argument_parser.defaults.DefaultArgumentsDecorator object at 0x781c2ed6dc00>, verb_extension=<colcon_core.verb.build.BuildVerb object at 0x781c2ee67070>, main=<bound method BuildVerb.main of <colcon_core.verb.build.BuildVerb object at 0x781c2ee67070>>)
[5.296s] Level 1:colcon.colcon_core.package_discovery:discover_packages(colcon_meta) check parameters
[5.296s] Level 1:colcon.colcon_core.package_discovery:discover_packages(recursive) check parameters
[5.296s] Level 1:colcon.colcon_core.package_discovery:discover_packages(ignore) check parameters
[5.296s] Level 1:colcon.colcon_core.package_discovery:discover_packages(path) check parameters
[5.296s] Level 1:colcon.colcon_core.package_discovery:discover_packages(colcon_meta) discover
[5.296s] Level 1:colcon.colcon_core.package_discovery:discover_packages(recursive) discover
[5.296s] INFO:colcon.colcon_core.package_discovery:Crawling recursively for packages in '/home/ubuntu/sy31-labyrinthe'
[5.296s] Level 1:colcon.colcon_core.package_identification:_identify(.) by extensions ['ignore', 'ignore_ament_install']
[5.297s] Level 1:colcon.colcon_core.package_identification:_identify(.) by extension 'ignore'
[5.297s] Level 1:colcon.colcon_core.package_identification:_identify(.) by extension 'ignore_ament_install'
[5.297s] Level 1:colcon.colcon_core.package_identification:_identify(.) by extensions ['colcon_pkg']
[5.297s] Level 1:colcon.colcon_core.package_identification:_identify(.) by extension 'colcon_pkg'
[5.297s] Level 1:colcon.colcon_core.package_identification:_identify(.) by extensions ['colcon_meta']
[5.297s] Level 1:colcon.colcon_core.package_identification:_identify(.) by extension 'colcon_meta'
[5.297s] Level 1:colcon.colcon_core.package_identification:_identify(.) by extensions ['ros']
[5.297s] Level 1:colcon.colcon_core.package_identification:_identify(.) by extension 'ros'
[5.334s] Level 1:colcon.colcon_core.package_identification:_identify(.) by extensions ['cmake', 'python']
[5.334s] Level 1:colcon.colcon_core.package_identification:_identify(.) by extension 'cmake'
[5.334s] Level 1:colcon.colcon_core.package_identification:_identify(.) by extension 'python'
[5.335s] Level 1:colcon.colcon_core.package_identification:_identify(.) by extensions ['python_setup_py']
[5.335s] Level 1:colcon.colcon_core.package_identification:_identify(.) by extension 'python_setup_py'
[5.338s] Level 1:colcon.colcon_core.package_identification:_identify(build) by extensions ['ignore', 'ignore_ament_install']
[5.339s] Level 1:colcon.colcon_core.package_identification:_identify(build) by extension 'ignore'
[5.339s] Level 1:colcon.colcon_core.package_identification:_identify(build) ignored
[5.339s] Level 1:colcon.colcon_core.package_identification:_identify(install) by extensions ['ignore', 'ignore_ament_install']
[5.339s] Level 1:colcon.colcon_core.package_identification:_identify(install) by extension 'ignore'
[5.339s] Level 1:colcon.colcon_core.package_identification:_identify(install) ignored
[5.339s] Level 1:colcon.colcon_core.package_identification:_identify(log) by extensions ['ignore', 'ignore_ament_install']
[5.340s] Level 1:colcon.colcon_core.package_identification:_identify(log) by extension 'ignore'
[5.340s] Level 1:colcon.colcon_core.package_identification:_identify(log) ignored
[5.340s] Level 1:colcon.colcon_core.package_identification:_identify(src) by extensions ['ignore', 'ignore_ament_install']
[5.340s] Level 1:colcon.colcon_core.package_identification:_identify(src) by extension 'ignore'
[5.340s] Level 1:colcon.colcon_core.package_identification:_identify(src) by extension 'ignore_ament_install'
[5.340s] Level 1:colcon.colcon_core.package_identification:_identify(src) by extensions ['colcon_pkg']
[5.340s] Level 1:colcon.colcon_core.package_identification:_identify(src) by extension 'colcon_pkg'
[5.340s] Level 1:colcon.colcon_core.package_identification:_identify(src) by extensions ['colcon_meta']
[5.340s] Level 1:colcon.colcon_core.package_identification:_identify(src) by extension 'colcon_meta'
[5.340s] Level 1:colcon.colcon_core.package_identification:_identify(src) by extensions ['ros']
[5.340s] Level 1:colcon.colcon_core.package_identification:_identify(src) by extension 'ros'
[5.340s] Level 1:colcon.colcon_core.package_identification:_identify(src) by extensions ['cmake', 'python']
[5.340s] Level 1:colcon.colcon_core.package_identification:_identify(src) by extension 'cmake'
[5.340s] Level 1:colcon.colcon_core.package_identification:_identify(src) by extension 'python'
[5.341s] Level 1:colcon.colcon_core.package_identification:_identify(src) by extensions ['python_setup_py']
[5.341s] Level 1:colcon.colcon_core.package_identification:_identify(src) by extension 'python_setup_py'
[5.341s] Level 1:colcon.colcon_core.package_identification:_identify(src/camera) by extensions ['ignore', 'ignore_ament_install']
[5.341s] Level 1:colcon.colcon_core.package_identification:_identify(src/camera) by extension 'ignore'
[5.341s] Level 1:colcon.colcon_core.package_identification:_identify(src/camera) by extension 'ignore_ament_install'
[5.341s] Level 1:colcon.colcon_core.package_identification:_identify(src/camera) by extensions ['colcon_pkg']
[5.341s] Level 1:colcon.colcon_core.package_identification:_identify(src/camera) by extension 'colcon_pkg'
[5.341s] Level 1:colcon.colcon_core.package_identification:_identify(src/camera) by extensions ['colcon_meta']
[5.341s] Level 1:colcon.colcon_core.package_identification:_identify(src/camera) by extension 'colcon_meta'
[5.341s] Level 1:colcon.colcon_core.package_identification:_identify(src/camera) by extensions ['ros']
[5.341s] Level 1:colcon.colcon_core.package_identification:_identify(src/camera) by extension 'ros'
[5.350s] DEBUG:colcon.colcon_core.package_identification:Package 'src/camera' with type 'ros.ament_python' and name 'camera'
[5.350s] Level 1:colcon.colcon_core.package_identification:_identify(src/launch) by extensions ['ignore', 'ignore_ament_install']
[5.350s] Level 1:colcon.colcon_core.package_identification:_identify(src/launch) by extension 'ignore'
[5.350s] Level 1:colcon.colcon_core.package_identification:_identify(src/launch) by extension 'ignore_ament_install'
[5.350s] Level 1:colcon.colcon_core.package_identification:_identify(src/launch) by extensions ['colcon_pkg']
[5.350s] Level 1:colcon.colcon_core.package_identification:_identify(src/launch) by extension 'colcon_pkg'
[5.350s] Level 1:colcon.colcon_core.package_identification:_identify(src/launch) by extensions ['colcon_meta']
[5.350s] Level 1:colcon.colcon_core.package_identification:_identify(src/launch) by extension 'colcon_meta'
[5.350s] Level 1:colcon.colcon_core.package_identification:_identify(src/launch) by extensions ['ros']
[5.350s] Level 1:colcon.colcon_core.package_identification:_identify(src/launch) by extension 'ros'
[5.351s] Level 1:colcon.colcon_core.package_identification:_identify(src/launch) by extensions ['cmake', 'python']
[5.351s] Level 1:colcon.colcon_core.package_identification:_identify(src/launch) by extension 'cmake'
[5.351s] Level 1:colcon.colcon_core.package_identification:_identify(src/launch) by extension 'python'
[5.351s] Level 1:colcon.colcon_core.package_identification:_identify(src/launch) by extensions ['python_setup_py']
[5.351s] Level 1:colcon.colcon_core.package_identification:_identify(src/launch) by extension 'python_setup_py'
[5.351s] Level 1:colcon.colcon_core.package_identification:_identify(src/lidar) by extensions ['ignore', 'ignore_ament_install']
[5.351s] Level 1:colcon.colcon_core.package_identification:_identify(src/lidar) by extension 'ignore'
[5.351s] Level 1:colcon.colcon_core.package_identification:_identify(src/lidar) by extension 'ignore_ament_install'
[5.351s] Level 1:colcon.colcon_core.package_identification:_identify(src/lidar) by extensions ['colcon_pkg']
[5.351s] Level 1:colcon.colcon_core.package_identification:_identify(src/lidar) by extension 'colcon_pkg'
[5.351s] Level 1:colcon.colcon_core.package_identification:_identify(src/lidar) by extensions ['colcon_meta']
[5.351s] Level 1:colcon.colcon_core.package_identification:_identify(src/lidar) by extension 'colcon_meta'
[5.351s] Level 1:colcon.colcon_core.package_identification:_identify(src/lidar) by extensions ['ros']
[5.351s] Level 1:colcon.colcon_core.package_identification:_identify(src/lidar) by extension 'ros'
[5.353s] DEBUG:colcon.colcon_core.package_identification:Package 'src/lidar' with type 'ros.ament_python' and name 'lidar'
[5.353s] Level 1:colcon.colcon_core.package_identification:_identify(src/odom) by extensions ['ignore', 'ignore_ament_install']
[5.353s] Level 1:colcon.colcon_core.package_identification:_identify(src/odom) by extension 'ignore'
[5.353s] Level 1:colcon.colcon_core.package_identification:_identify(src/odom) by extension 'ignore_ament_install'
[5.353s] Level 1:colcon.colcon_core.package_identification:_identify(src/odom) by extensions ['colcon_pkg']
[5.353s] Level 1:colcon.colcon_core.package_identification:_identify(src/odom) by extension 'colcon_pkg'
[5.353s] Level 1:colcon.colcon_core.package_identification:_identify(src/odom) by extensions ['colcon_meta']
[5.353s] Level 1:colcon.colcon_core.package_identification:_identify(src/odom) by extension 'colcon_meta'
[5.353s] Level 1:colcon.colcon_core.package_identification:_identify(src/odom) by extensions ['ros']
[5.353s] Level 1:colcon.colcon_core.package_identification:_identify(src/odom) by extension 'ros'
[5.357s] DEBUG:colcon.colcon_core.package_identification:Package 'src/odom' with type 'ros.ament_python' and name 'odom'
[5.357s] Level 1:colcon.colcon_core.package_discovery:discover_packages(recursive) using defaults
[5.357s] Level 1:colcon.colcon_core.package_discovery:discover_packages(ignore) discover
[5.357s] Level 1:colcon.colcon_core.package_discovery:discover_packages(ignore) using defaults
[5.357s] Level 1:colcon.colcon_core.package_discovery:discover_packages(path) discover
[5.358s] Level 1:colcon.colcon_core.package_discovery:discover_packages(path) using defaults
[5.462s] Level 1:colcon.colcon_core.package_discovery:discover_packages(prefix_path) check parameters
[5.462s] Level 1:colcon.colcon_core.package_discovery:discover_packages(prefix_path) discover
[5.470s] DEBUG:colcon.colcon_installed_package_information.package_discovery:Found 1 installed packages in /home/ubuntu/projet3/install
[5.475s] DEBUG:colcon.colcon_installed_package_information.package_discovery:Found 300 installed packages in /opt/ros/humble
[5.478s] Level 1:colcon.colcon_core.package_discovery:discover_packages(prefix_path) using defaults
[5.878s] Level 5:colcon.colcon_core.verb:set package 'camera' build argument 'cmake_args' from command line to 'None'
[5.878s] Level 5:colcon.colcon_core.verb:set package 'camera' build argument 'cmake_target' from command line to 'None'
[5.878s] Level 5:colcon.colcon_core.verb:set package 'camera' build argument 'cmake_target_skip_unavailable' from command line to 'False'
[5.878s] Level 5:colcon.colcon_core.verb:set package 'camera' build argument 'cmake_clean_cache' from command line to 'False'
[5.878s] Level 5:colcon.colcon_core.verb:set package 'camera' build argument 'cmake_clean_first' from command line to 'False'
[5.878s] Level 5:colcon.colcon_core.verb:set package 'camera' build argument 'cmake_force_configure' from command line to 'False'
[5.878s] Level 5:colcon.colcon_core.verb:set package 'camera' build argument 'ament_cmake_args' from command line to 'None'
[5.878s] Level 5:colcon.colcon_core.verb:set package 'camera' build argument 'catkin_cmake_args' from command line to 'None'
[5.878s] Level 5:colcon.colcon_core.verb:set package 'camera' build argument 'catkin_skip_building_tests' from command line to 'False'
[5.878s] DEBUG:colcon.colcon_core.verb:Building package 'camera' with the following arguments: {'ament_cmake_args': None, 'build_base': '/home/ubuntu/sy31-labyrinthe/build/camera', 'catkin_cmake_args': None, 'catkin_skip_building_tests': False, 'cmake_args': None, 'cmake_clean_cache': False, 'cmake_clean_first': False, 'cmake_force_configure': False, 'cmake_target': None, 'cmake_target_skip_unavailable': False, 'install_base': '/home/ubuntu/sy31-labyrinthe/install/camera', 'merge_install': False, 'path': '/home/ubuntu/sy31-labyrinthe/src/camera', 'symlink_install': True, 'test_result_base': None}
[5.879s] Level 5:colcon.colcon_core.verb:set package 'lidar' build argument 'cmake_args' from command line to 'None'
[5.879s] Level 5:colcon.colcon_core.verb:set package 'lidar' build argument 'cmake_target' from command line to 'None'
[5.879s] Level 5:colcon.colcon_core.verb:set package 'lidar' build argument 'cmake_target_skip_unavailable' from command line to 'False'
[5.879s] Level 5:colcon.colcon_core.verb:set package 'lidar' build argument 'cmake_clean_cache' from command line to 'False'
[5.879s] Level 5:colcon.colcon_core.verb:set package 'lidar' build argument 'cmake_clean_first' from command line to 'False'
[5.879s] Level 5:colcon.colcon_core.verb:set package 'lidar' build argument 'cmake_force_configure' from command line to 'False'
[5.879s] Level 5:colcon.colcon_core.verb:set package 'lidar' build argument 'ament_cmake_args' from command line to 'None'
[5.879s] Level 5:colcon.colcon_core.verb:set package 'lidar' build argument 'catkin_cmake_args' from command line to 'None'
[5.879s] Level 5:colcon.colcon_core.verb:set package 'lidar' build argument 'catkin_skip_building_tests' from command line to 'False'
[5.879s] DEBUG:colcon.colcon_core.verb:Building package 'lidar' with the following arguments: {'ament_cmake_args': None, 'build_base': '/home/ubuntu/sy31-labyrinthe/build/lidar', 'catkin_cmake_args': None, 'catkin_skip_building_tests': False, 'cmake_args': None, 'cmake_clean_cache': False, 'cmake_clean_first': False, 'cmake_force_configure': False, 'cmake_target': None, 'cmake_target_skip_unavailable': False, 'install_base': '/home/ubuntu/sy31-labyrinthe/install/lidar', 'merge_install': False, 'path': '/home/ubuntu/sy31-labyrinthe/src/lidar', 'symlink_install': True, 'test_result_base': None}
[5.879s] Level 5:colcon.colcon_core.verb:set package 'odom' build argument 'cmake_args' from command line to 'None'
[5.879s] Level 5:colcon.colcon_core.verb:set package 'odom' build argument 'cmake_target' from command line to 'None'
[5.879s] Level 5:colcon.colcon_core.verb:set package 'odom' build argument 'cmake_target_skip_unavailable' from command line to 'False'
[5.879s] Level 5:colcon.colcon_core.verb:set package 'odom' build argument 'cmake_clean_cache' from command line to 'False'
[5.879s] Level 5:colcon.colcon_core.verb:set package 'odom' build argument 'cmake_clean_first' from command line to 'False'
[5.880s] Level 5:colcon.colcon_core.verb:set package 'odom' build argument 'cmake_force_configure' from command line to 'False'
[5.880s] Level 5:colcon.colcon_core.verb:set package 'odom' build argument 'ament_cmake_args' from command line to 'None'
[5.880s] Level 5:colcon.colcon_core.verb:set package 'odom' build argument 'catkin_cmake_args' from command line to 'None'
[5.880s] Level 5:colcon.colcon_core.verb:set package 'odom' build argument 'catkin_skip_building_tests' from command line to 'False'
[5.880s] DEBUG:colcon.colcon_core.verb:Building package 'odom' with the following arguments: {'ament_cmake_args': None, 'build_base': '/home/ubuntu/sy31-labyrinthe/build/odom', 'catkin_cmake_args': None, 'catkin_skip_building_tests': False, 'cmake_args': None, 'cmake_clean_cache': False, 'cmake_clean_first': False, 'cmake_force_configure': False, 'cmake_target': None, 'cmake_target_skip_unavailable': False, 'install_base': '/home/ubuntu/sy31-labyrinthe/install/odom', 'merge_install': False, 'path': '/home/ubuntu/sy31-labyrinthe/src/odom', 'symlink_install': True, 'test_result_base': None}
[5.880s] INFO:colcon.colcon_core.executor:Executing jobs using 'parallel' executor
[5.881s] DEBUG:colcon.colcon_parallel_executor.executor.parallel:run_until_complete
[5.882s] INFO:colcon.colcon_ros.task.ament_python.build:Building ROS package in '/home/ubuntu/sy31-labyrinthe/src/camera' with build type 'ament_python'
[5.882s] Level 1:colcon.colcon_core.shell:create_environment_hook('camera', 'ament_prefix_path')
[5.900s] INFO:colcon.colcon_core.plugin_system:Skipping extension 'colcon_core.shell.bat': Not used on non-Windows systems
[5.900s] INFO:colcon.colcon_core.shell:Creating environment hook '/home/ubuntu/sy31-labyrinthe/install/camera/share/camera/hook/ament_prefix_path.ps1'
[5.903s] INFO:colcon.colcon_core.shell:Creating environment descriptor '/home/ubuntu/sy31-labyrinthe/install/camera/share/camera/hook/ament_prefix_path.dsv'
[5.908s] INFO:colcon.colcon_core.shell:Creating environment hook '/home/ubuntu/sy31-labyrinthe/install/camera/share/camera/hook/ament_prefix_path.sh'
[5.913s] INFO:colcon.colcon_core.shell:Skip shell extension 'powershell' for command environment: Not usable outside of PowerShell
[5.913s] DEBUG:colcon.colcon_core.shell:Skip shell extension 'dsv' for command environment
[7.041s] INFO:colcon.colcon_core.task.python.build:Building Python package in '/home/ubuntu/sy31-labyrinthe/src/camera'
[7.042s] INFO:colcon.colcon_core.shell:Skip shell extension 'powershell' for command environment: Not usable outside of PowerShell
[7.042s] DEBUG:colcon.colcon_core.shell:Skip shell extension 'dsv' for command environment
[9.509s] DEBUG:colcon.colcon_core.event_handler.log_command:Invoking command in '/home/ubuntu/sy31-labyrinthe/build/camera': PYTHONPATH=/home/ubuntu/sy31-labyrinthe/build/camera/prefix_override:/usr/lib/python3/dist-packages/colcon_core/task/python/colcon_distutils_commands:/home/ubuntu/sy31-labyrinthe/install/camera/lib/python3.10/site-packages:${PYTHONPATH} /usr/bin/python3 -W ignore:setup.py install is deprecated -W ignore:easy_install command is deprecated setup.py develop --editable --build-directory /home/ubuntu/sy31-labyrinthe/build/camera/build --no-deps symlink_data
[10.822s] Level 1:colcon.colcon_core.shell:create_environment_hook('camera', 'pythonpath_develop')
[10.823s] DEBUG:colcon.colcon_core.event_handler.log_command:Invoked command in '/home/ubuntu/sy31-labyrinthe/build/camera' returned '0': PYTHONPATH=/home/ubuntu/sy31-labyrinthe/build/camera/prefix_override:/usr/lib/python3/dist-packages/colcon_core/task/python/colcon_distutils_commands:/home/ubuntu/sy31-labyrinthe/install/camera/lib/python3.10/site-packages:${PYTHONPATH} /usr/bin/python3 -W ignore:setup.py install is deprecated -W ignore:easy_install command is deprecated setup.py develop --editable --build-directory /home/ubuntu/sy31-labyrinthe/build/camera/build --no-deps symlink_data
[10.823s] INFO:colcon.colcon_core.shell:Creating environment hook '/home/ubuntu/sy31-labyrinthe/build/camera/share/camera/hook/pythonpath_develop.ps1'
[10.824s] INFO:colcon.colcon_core.shell:Creating environment descriptor '/home/ubuntu/sy31-labyrinthe/build/camera/share/camera/hook/pythonpath_develop.dsv'
[10.824s] INFO:colcon.colcon_core.shell:Creating environment hook '/home/ubuntu/sy31-labyrinthe/build/camera/share/camera/hook/pythonpath_develop.sh'
[10.841s] Level 1:colcon.colcon_core.environment:checking '/home/ubuntu/sy31-labyrinthe/install/camera' for CMake module files
[10.842s] Level 1:colcon.colcon_core.environment:checking '/home/ubuntu/sy31-labyrinthe/install/camera' for CMake config files
[10.842s] Level 1:colcon.colcon_core.environment:checking '/home/ubuntu/sy31-labyrinthe/install/camera/lib'
[10.843s] Level 1:colcon.colcon_core.environment:checking '/home/ubuntu/sy31-labyrinthe/install/camera/bin'
[10.843s] Level 1:colcon.colcon_core.environment:checking '/home/ubuntu/sy31-labyrinthe/install/camera/lib/pkgconfig/camera.pc'
[10.843s] Level 1:colcon.colcon_core.environment:checking '/home/ubuntu/sy31-labyrinthe/install/camera/lib/python3.10/site-packages'
[10.843s] Level 1:colcon.colcon_core.shell:create_environment_hook('camera', 'pythonpath')
[10.844s] INFO:colcon.colcon_core.shell:Creating environment hook '/home/ubuntu/sy31-labyrinthe/install/camera/share/camera/hook/pythonpath.ps1'
[10.844s] INFO:colcon.colcon_core.shell:Creating environment descriptor '/home/ubuntu/sy31-labyrinthe/install/camera/share/camera/hook/pythonpath.dsv'
[10.845s] INFO:colcon.colcon_core.shell:Creating environment hook '/home/ubuntu/sy31-labyrinthe/install/camera/share/camera/hook/pythonpath.sh'
[10.848s] Level 1:colcon.colcon_core.environment:checking '/home/ubuntu/sy31-labyrinthe/install/camera/bin'
[10.848s] Level 1:colcon.colcon_core.environment:create_environment_scripts_only(camera)
[10.849s] INFO:colcon.colcon_core.shell:Creating package script '/home/ubuntu/sy31-labyrinthe/install/camera/share/camera/package.ps1'
[10.854s] INFO:colcon.colcon_core.shell:Creating package descriptor '/home/ubuntu/sy31-labyrinthe/install/camera/share/camera/package.dsv'
[10.858s] INFO:colcon.colcon_core.shell:Creating package script '/home/ubuntu/sy31-labyrinthe/install/camera/share/camera/package.sh'
[10.863s] INFO:colcon.colcon_core.shell:Creating package script '/home/ubuntu/sy31-labyrinthe/install/camera/share/camera/package.bash'
[10.866s] INFO:colcon.colcon_core.shell:Creating package script '/home/ubuntu/sy31-labyrinthe/install/camera/share/camera/package.zsh'
[10.871s] Level 1:colcon.colcon_core.environment:create_file_with_runtime_dependencies(/home/ubuntu/sy31-labyrinthe/install/camera/share/colcon-core/packages/camera)
[10.874s] INFO:colcon.colcon_ros.task.ament_python.build:Building ROS package in '/home/ubuntu/sy31-labyrinthe/src/lidar' with build type 'ament_python'
[10.874s] Level 1:colcon.colcon_core.shell:create_environment_hook('lidar', 'ament_prefix_path')
[10.875s] INFO:colcon.colcon_core.shell:Creating environment hook '/home/ubuntu/sy31-labyrinthe/install/lidar/share/lidar/hook/ament_prefix_path.ps1'
[10.877s] INFO:colcon.colcon_core.shell:Creating environment descriptor '/home/ubuntu/sy31-labyrinthe/install/lidar/share/lidar/hook/ament_prefix_path.dsv'
[10.878s] INFO:colcon.colcon_core.shell:Creating environment hook '/home/ubuntu/sy31-labyrinthe/install/lidar/share/lidar/hook/ament_prefix_path.sh'
[10.882s] INFO:colcon.colcon_core.shell:Skip shell extension 'powershell' for command environment: Not usable outside of PowerShell
[10.883s] DEBUG:colcon.colcon_core.shell:Skip shell extension 'dsv' for command environment
[11.849s] INFO:colcon.colcon_core.task.python.build:Building Python package in '/home/ubuntu/sy31-labyrinthe/src/lidar'
[11.849s] INFO:colcon.colcon_core.shell:Skip shell extension 'powershell' for command environment: Not usable outside of PowerShell
[11.849s] DEBUG:colcon.colcon_core.shell:Skip shell extension 'dsv' for command environment
[12.980s] DEBUG:colcon.colcon_core.event_handler.log_command:Invoking command in '/home/ubuntu/sy31-labyrinthe/build/lidar': PYTHONPATH=/home/ubuntu/sy31-labyrinthe/build/lidar/prefix_override:/usr/lib/python3/dist-packages/colcon_core/task/python/colcon_distutils_commands:/home/ubuntu/sy31-labyrinthe/install/lidar/lib/python3.10/site-packages:${PYTHONPATH} /usr/bin/python3 -W ignore:setup.py install is deprecated -W ignore:easy_install command is deprecated setup.py develop --editable --build-directory /home/ubuntu/sy31-labyrinthe/build/lidar/build --no-deps symlink_data
[14.414s] Level 1:colcon.colcon_core.shell:create_environment_hook('lidar', 'pythonpath_develop')
[14.414s] INFO:colcon.colcon_core.shell:Creating environment hook '/home/ubuntu/sy31-labyrinthe/build/lidar/share/lidar/hook/pythonpath_develop.ps1'
[14.415s] INFO:colcon.colcon_core.shell:Creating environment descriptor '/home/ubuntu/sy31-labyrinthe/build/lidar/share/lidar/hook/pythonpath_develop.dsv'
[14.416s] INFO:colcon.colcon_core.shell:Creating environment hook '/home/ubuntu/sy31-labyrinthe/build/lidar/share/lidar/hook/pythonpath_develop.sh'
[14.417s] Level 1:colcon.colcon_core.environment:checking '/home/ubuntu/sy31-labyrinthe/install/lidar' for CMake module files
[14.417s] Level 1:colcon.colcon_core.environment:checking '/home/ubuntu/sy31-labyrinthe/install/lidar' for CMake config files
[14.418s] Level 1:colcon.colcon_core.environment:checking '/home/ubuntu/sy31-labyrinthe/install/lidar/lib'
[14.418s] Level 1:colcon.colcon_core.environment:checking '/home/ubuntu/sy31-labyrinthe/install/lidar/bin'
[14.418s] Level 1:colcon.colcon_core.environment:checking '/home/ubuntu/sy31-labyrinthe/install/lidar/lib/pkgconfig/lidar.pc'
[14.418s] Level 1:colcon.colcon_core.environment:checking '/home/ubuntu/sy31-labyrinthe/install/lidar/lib/python3.10/site-packages'
[14.419s] Level 1:colcon.colcon_core.shell:create_environment_hook('lidar', 'pythonpath')
[14.419s] INFO:colcon.colcon_core.shell:Creating environment hook '/home/ubuntu/sy31-labyrinthe/install/lidar/share/lidar/hook/pythonpath.ps1'
[14.419s] INFO:colcon.colcon_core.shell:Creating environment descriptor '/home/ubuntu/sy31-labyrinthe/install/lidar/share/lidar/hook/pythonpath.dsv'
[14.420s] INFO:colcon.colcon_core.shell:Creating environment hook '/home/ubuntu/sy31-labyrinthe/install/lidar/share/lidar/hook/pythonpath.sh'
[14.420s] Level 1:colcon.colcon_core.environment:checking '/home/ubuntu/sy31-labyrinthe/install/lidar/bin'
[14.420s] Level 1:colcon.colcon_core.environment:create_environment_scripts_only(lidar)
[14.421s] INFO:colcon.colcon_core.shell:Creating package script '/home/ubuntu/sy31-labyrinthe/install/lidar/share/lidar/package.ps1'
[14.422s] INFO:colcon.colcon_core.shell:Creating package descriptor '/home/ubuntu/sy31-labyrinthe/install/lidar/share/lidar/package.dsv'
[14.422s] INFO:colcon.colcon_core.shell:Creating package script '/home/ubuntu/sy31-labyrinthe/install/lidar/share/lidar/package.sh'
[14.422s] INFO:colcon.colcon_core.shell:Creating package script '/home/ubuntu/sy31-labyrinthe/install/lidar/share/lidar/package.bash'
[14.423s] INFO:colcon.colcon_core.shell:Creating package script '/home/ubuntu/sy31-labyrinthe/install/lidar/share/lidar/package.zsh'
[14.423s] Level 1:colcon.colcon_core.environment:create_file_with_runtime_dependencies(/home/ubuntu/sy31-labyrinthe/install/lidar/share/colcon-core/packages/lidar)
[14.424s] INFO:colcon.colcon_ros.task.ament_python.build:Building ROS package in '/home/ubuntu/sy31-labyrinthe/src/odom' with build type 'ament_python'
[14.424s] Level 1:colcon.colcon_core.shell:create_environment_hook('odom', 'ament_prefix_path')
[14.424s] INFO:colcon.colcon_core.shell:Creating environment hook '/home/ubuntu/sy31-labyrinthe/install/odom/share/odom/hook/ament_prefix_path.ps1'
[14.425s] INFO:colcon.colcon_core.shell:Creating environment descriptor '/home/ubuntu/sy31-labyrinthe/install/odom/share/odom/hook/ament_prefix_path.dsv'
[14.425s] INFO:colcon.colcon_core.shell:Creating environment hook '/home/ubuntu/sy31-labyrinthe/install/odom/share/odom/hook/ament_prefix_path.sh'
[14.426s] INFO:colcon.colcon_core.shell:Skip shell extension 'powershell' for command environment: Not usable outside of PowerShell
[14.426s] DEBUG:colcon.colcon_core.shell:Skip shell extension 'dsv' for command environment
[14.432s] DEBUG:colcon.colcon_core.event_handler.log_command:Invoked command in '/home/ubuntu/sy31-labyrinthe/build/lidar' returned '0': PYTHONPATH=/home/ubuntu/sy31-labyrinthe/build/lidar/prefix_override:/usr/lib/python3/dist-packages/colcon_core/task/python/colcon_distutils_commands:/home/ubuntu/sy31-labyrinthe/install/lidar/lib/python3.10/site-packages:${PYTHONPATH} /usr/bin/python3 -W ignore:setup.py install is deprecated -W ignore:easy_install command is deprecated setup.py develop --editable --build-directory /home/ubuntu/sy31-labyrinthe/build/lidar/build --no-deps symlink_data
[15.484s] INFO:colcon.colcon_core.task.python.build:Building Python package in '/home/ubuntu/sy31-labyrinthe/src/odom'
[15.485s] INFO:colcon.colcon_core.shell:Skip shell extension 'powershell' for command environment: Not usable outside of PowerShell
[15.491s] DEBUG:colcon.colcon_core.shell:Skip shell extension 'dsv' for command environment
[16.813s] DEBUG:colcon.colcon_core.event_handler.log_command:Invoking command in '/home/ubuntu/sy31-labyrinthe/build/odom': PYTHONPATH=/home/ubuntu/sy31-labyrinthe/build/odom/prefix_override:/usr/lib/python3/dist-packages/colcon_core/task/python/colcon_distutils_commands:/home/ubuntu/sy31-labyrinthe/install/odom/lib/python3.10/site-packages:${PYTHONPATH} /usr/bin/python3 -W ignore:setup.py install is deprecated -W ignore:easy_install command is deprecated setup.py develop --editable --build-directory /home/ubuntu/sy31-labyrinthe/build/odom/build --no-deps symlink_data
[18.229s] Level 1:colcon.colcon_core.shell:create_environment_hook('odom', 'pythonpath_develop')
[18.229s] INFO:colcon.colcon_core.shell:Creating environment hook '/home/ubuntu/sy31-labyrinthe/build/odom/share/odom/hook/pythonpath_develop.ps1'
[18.230s] INFO:colcon.colcon_core.shell:Creating environment descriptor '/home/ubuntu/sy31-labyrinthe/build/odom/share/odom/hook/pythonpath_develop.dsv'
[18.230s] INFO:colcon.colcon_core.shell:Creating environment hook '/home/ubuntu/sy31-labyrinthe/build/odom/share/odom/hook/pythonpath_develop.sh'
[18.231s] Level 1:colcon.colcon_core.environment:checking '/home/ubuntu/sy31-labyrinthe/install/odom' for CMake module files
[18.232s] Level 1:colcon.colcon_core.environment:checking '/home/ubuntu/sy31-labyrinthe/install/odom' for CMake config files
[18.232s] Level 1:colcon.colcon_core.environment:checking '/home/ubuntu/sy31-labyrinthe/install/odom/lib'
[18.232s] Level 1:colcon.colcon_core.environment:checking '/home/ubuntu/sy31-labyrinthe/install/odom/bin'
[18.232s] Level 1:colcon.colcon_core.environment:checking '/home/ubuntu/sy31-labyrinthe/install/odom/lib/pkgconfig/odom.pc'
[18.233s] Level 1:colcon.colcon_core.environment:checking '/home/ubuntu/sy31-labyrinthe/install/odom/lib/python3.10/site-packages'
[18.233s] Level 1:colcon.colcon_core.shell:create_environment_hook('odom', 'pythonpath')
[18.233s] INFO:colcon.colcon_core.shell:Creating environment hook '/home/ubuntu/sy31-labyrinthe/install/odom/share/odom/hook/pythonpath.ps1'
[18.233s] INFO:colcon.colcon_core.shell:Creating environment descriptor '/home/ubuntu/sy31-labyrinthe/install/odom/share/odom/hook/pythonpath.dsv'
[18.234s] INFO:colcon.colcon_core.shell:Creating environment hook '/home/ubuntu/sy31-labyrinthe/install/odom/share/odom/hook/pythonpath.sh'
[18.234s] Level 1:colcon.colcon_core.environment:checking '/home/ubuntu/sy31-labyrinthe/install/odom/bin'
[18.234s] Level 1:colcon.colcon_core.environment:create_environment_scripts_only(odom)
[18.235s] INFO:colcon.colcon_core.shell:Creating package script '/home/ubuntu/sy31-labyrinthe/install/odom/share/odom/package.ps1'
[18.236s] INFO:colcon.colcon_core.shell:Creating package descriptor '/home/ubuntu/sy31-labyrinthe/install/odom/share/odom/package.dsv'
[18.236s] INFO:colcon.colcon_core.shell:Creating package script '/home/ubuntu/sy31-labyrinthe/install/odom/share/odom/package.sh'
[18.236s] INFO:colcon.colcon_core.shell:Creating package script '/home/ubuntu/sy31-labyrinthe/install/odom/share/odom/package.bash'
[18.237s] INFO:colcon.colcon_core.shell:Creating package script '/home/ubuntu/sy31-labyrinthe/install/odom/share/odom/package.zsh'
[18.237s] Level 1:colcon.colcon_core.environment:create_file_with_runtime_dependencies(/home/ubuntu/sy31-labyrinthe/install/odom/share/colcon-core/packages/odom)
[18.237s] DEBUG:colcon.colcon_parallel_executor.executor.parallel:closing loop
[18.238s] DEBUG:colcon.colcon_core.event_handler.log_command:Invoked command in '/home/ubuntu/sy31-labyrinthe/build/odom' returned '0': PYTHONPATH=/home/ubuntu/sy31-labyrinthe/build/odom/prefix_override:/usr/lib/python3/dist-packages/colcon_core/task/python/colcon_distutils_commands:/home/ubuntu/sy31-labyrinthe/install/odom/lib/python3.10/site-packages:${PYTHONPATH} /usr/bin/python3 -W ignore:setup.py install is deprecated -W ignore:easy_install command is deprecated setup.py develop --editable --build-directory /home/ubuntu/sy31-labyrinthe/build/odom/build --no-deps symlink_data
[18.240s] DEBUG:colcon.colcon_parallel_executor.executor.parallel:loop closed
[18.240s] DEBUG:colcon.colcon_parallel_executor.executor.parallel:run_until_complete finished with '0'
[18.240s] DEBUG:colcon.colcon_core.event_reactor:joining thread
[18.279s] INFO:colcon.colcon_core.plugin_system:Skipping extension 'colcon_notification.desktop_notification.terminal_notifier': Not used on non-Darwin systems
[18.279s] INFO:colcon.colcon_core.plugin_system:Skipping extension 'colcon_notification.desktop_notification.win32': Not used on non-Windows systems
[18.279s] INFO:colcon.colcon_notification.desktop_notification:Sending desktop notification using 'notify2'
[18.512s] DEBUG:colcon.colcon_core.event_reactor:joined thread
[18.513s] INFO:colcon.colcon_core.shell:Creating prefix script '/home/ubuntu/sy31-labyrinthe/install/local_setup.ps1'
[18.516s] INFO:colcon.colcon_core.shell:Creating prefix util module '/home/ubuntu/sy31-labyrinthe/install/_local_setup_util_ps1.py'
[18.524s] INFO:colcon.colcon_core.shell:Creating prefix chain script '/home/ubuntu/sy31-labyrinthe/install/setup.ps1'
[18.528s] INFO:colcon.colcon_core.shell:Creating prefix script '/home/ubuntu/sy31-labyrinthe/install/local_setup.sh'
[18.531s] INFO:colcon.colcon_core.shell:Creating prefix util module '/home/ubuntu/sy31-labyrinthe/install/_local_setup_util_sh.py'
[18.532s] INFO:colcon.colcon_core.shell:Creating prefix chain script '/home/ubuntu/sy31-labyrinthe/install/setup.sh'
[18.537s] INFO:colcon.colcon_core.shell:Creating prefix script '/home/ubuntu/sy31-labyrinthe/install/local_setup.bash'
[18.543s] INFO:colcon.colcon_core.shell:Creating prefix chain script '/home/ubuntu/sy31-labyrinthe/install/setup.bash'
[18.548s] INFO:colcon.colcon_core.shell:Creating prefix script '/home/ubuntu/sy31-labyrinthe/install/local_setup.zsh'
[18.550s] INFO:colcon.colcon_core.shell:Creating prefix chain script '/home/ubuntu/sy31-labyrinthe/install/setup.zsh'
