running develop
running egg_info
creating camera.egg-info
writing camera.egg-info/PKG-INFO
writing dependency_links to camera.egg-info/dependency_links.txt
writing entry points to camera.egg-info/entry_points.txt
writing requirements to camera.egg-info/requires.txt
writing top-level names to camera.egg-info/top_level.txt
writing manifest file 'camera.egg-info/SOURCES.txt'
reading manifest file 'camera.egg-info/SOURCES.txt'
writing manifest file 'camera.egg-info/SOURCES.txt'
running build_ext
Creating /home/ubuntu/sy31-labyrinthe/install/camera/lib/python3.10/site-packages/camera.egg-link (link to .)
Installing decompressor script to /home/ubuntu/sy31-labyrinthe/install/camera/lib/camera
Installing detect_node script to /home/ubuntu/sy31-labyrinthe/install/camera/lib/camera

Installed /home/ubuntu/sy31-labyrinthe/build/camera
running symlink_data
creating /home/ubuntu/sy31-labyrinthe/install/camera/share/ament_index
creating /home/ubuntu/sy31-labyrinthe/install/camera/share/ament_index/resource_index
creating /home/ubuntu/sy31-labyrinthe/install/camera/share/ament_index/resource_index/packages
symbolically linking /home/ubuntu/sy31-labyrinthe/build/camera/resource/camera -> /home/ubuntu/sy31-labyrinthe/install/camera/share/ament_index/resource_index/packages
symbolically linking /home/ubuntu/sy31-labyrinthe/build/camera/package.xml -> /home/ubuntu/sy31-labyrinthe/install/camera/share/camera
symbolically linking /home/ubuntu/sy31-labyrinthe/build/camera/launch/camera.launch.xml -> /home/ubuntu/sy31-labyrinthe/install/camera/share/camera
