running develop
running egg_info
creating lidar.egg-info
writing lidar.egg-info/PKG-INFO
writing dependency_links to lidar.egg-info/dependency_links.txt
writing entry points to lidar.egg-info/entry_points.txt
writing requirements to lidar.egg-info/requires.txt
writing top-level names to lidar.egg-info/top_level.txt
writing manifest file 'lidar.egg-info/SOURCES.txt'
reading manifest file 'lidar.egg-info/SOURCES.txt'
writing manifest file 'lidar.egg-info/SOURCES.txt'
running build_ext
Creating /home/ubuntu/sy31-labyrinthe/install/lidar/lib/python3.10/site-packages/lidar.egg-link (link to .)
Installing clusterer_node script to /home/ubuntu/sy31-labyrinthe/install/lidar/lib/lidar
Installing icp_pose_estimator_node script to /home/ubuntu/sy31-labyrinthe/install/lidar/lib/lidar
Installing transformer_node script to /home/ubuntu/sy31-labyrinthe/install/lidar/lib/lidar

Installed /home/ubuntu/sy31-labyrinthe/build/lidar
running symlink_data
creating /home/ubuntu/sy31-labyrinthe/install/lidar/share/ament_index
creating /home/ubuntu/sy31-labyrinthe/install/lidar/share/ament_index/resource_index
creating /home/ubuntu/sy31-labyrinthe/install/lidar/share/ament_index/resource_index/packages
symbolically linking /home/ubuntu/sy31-labyrinthe/build/lidar/resource/lidar -> /home/ubuntu/sy31-labyrinthe/install/lidar/share/ament_index/resource_index/packages
symbolically linking /home/ubuntu/sy31-labyrinthe/build/lidar/package.xml -> /home/ubuntu/sy31-labyrinthe/install/lidar/share/lidar
